\BOOKMARK [0][-]{chapter.1}{Pteridophyta}{}% 1
\BOOKMARK [1][-]{section.1.1}{Aspleniaceae}{chapter.1}% 2
\BOOKMARK [1][-]{section.1.2}{Cyatheaceae}{chapter.1}% 3
\BOOKMARK [1][-]{section.1.3}{Dennstaedtiaceae}{chapter.1}% 4
\BOOKMARK [1][-]{section.1.4}{Gleicheniaceae}{chapter.1}% 5
\BOOKMARK [1][-]{section.1.5}{Hymenophyllaceae}{chapter.1}% 6
\BOOKMARK [1][-]{section.1.6}{Lindsaeaceae}{chapter.1}% 7
\BOOKMARK [1][-]{section.1.7}{Lycopodiaceae}{chapter.1}% 8
\BOOKMARK [1][-]{section.1.8}{Marattiaceae}{chapter.1}% 9
\BOOKMARK [1][-]{section.1.9}{Polypodiaceae}{chapter.1}% 10
\BOOKMARK [1][-]{section.1.10}{Psilotaceae}{chapter.1}% 11
\BOOKMARK [1][-]{section.1.11}{Pteridaceae}{chapter.1}% 12
\BOOKMARK [1][-]{section.1.12}{Selaginellaceae}{chapter.1}% 13
\BOOKMARK [0][-]{chapter.2}{Liliidae}{}% 14
\BOOKMARK [1][-]{section.2.1}{Amaryllidaceae}{chapter.2}% 15
\BOOKMARK [1][-]{section.2.2}{Araceae}{chapter.2}% 16
\BOOKMARK [1][-]{section.2.3}{Asparagaceae}{chapter.2}% 17
\BOOKMARK [1][-]{section.2.4}{Bromeliaceae}{chapter.2}% 18
\BOOKMARK [1][-]{section.2.5}{Burmanniaceae}{chapter.2}% 19
\BOOKMARK [1][-]{section.2.6}{Cannaceae}{chapter.2}% 20
\BOOKMARK [1][-]{section.2.7}{Commelinaceae}{chapter.2}% 21
\BOOKMARK [1][-]{section.2.8}{Cyperaceae}{chapter.2}% 22
\BOOKMARK [1][-]{section.2.9}{Dioscoreaceae}{chapter.2}% 23
\BOOKMARK [1][-]{section.2.10}{Gramineae}{chapter.2}% 24
\BOOKMARK [1][-]{section.2.11}{Haemodoraceae}{chapter.2}% 25
\BOOKMARK [1][-]{section.2.12}{Hypoxidaceae}{chapter.2}% 26
\BOOKMARK [1][-]{section.2.13}{Iridaceae}{chapter.2}% 27
\BOOKMARK [1][-]{section.2.14}{Musaceae}{chapter.2}% 28
\BOOKMARK [1][-]{section.2.15}{Orchidaceae}{chapter.2}% 29
\BOOKMARK [1][-]{section.2.16}{Palmae}{chapter.2}% 30
\BOOKMARK [1][-]{section.2.17}{Smilacaceae}{chapter.2}% 31
\BOOKMARK [0][-]{chapter.3}{Magnoliidae}{}% 32
\BOOKMARK [1][-]{section.3.1}{Annonaceae}{chapter.3}% 33
\BOOKMARK [1][-]{section.3.2}{Canellaceae}{chapter.3}% 34
\BOOKMARK [1][-]{section.3.3}{Chloranthaceae}{chapter.3}% 35
\BOOKMARK [1][-]{section.3.4}{Lauraceae}{chapter.3}% 36
\BOOKMARK [1][-]{section.3.5}{Magnoliaceae}{chapter.3}% 37
\BOOKMARK [1][-]{section.3.6}{Menispermaceae}{chapter.3}% 38
\BOOKMARK [1][-]{section.3.7}{Piperaceae}{chapter.3}% 39
\BOOKMARK [1][-]{section.3.8}{Sabiaceae}{chapter.3}% 40
\BOOKMARK [0][-]{chapter.4}{Rosidae}{}% 41
\BOOKMARK [1][-]{section.4.1}{Anacardiaceae}{chapter.4}% 42
\BOOKMARK [1][-]{section.4.2}{Begoniaceae}{chapter.4}% 43
\BOOKMARK [1][-]{section.4.3}{Burseraceae}{chapter.4}% 44
\BOOKMARK [1][-]{section.4.4}{Cannabaceae}{chapter.4}% 45
\BOOKMARK [1][-]{section.4.5}{Casuarinaceae}{chapter.4}% 46
\BOOKMARK [1][-]{section.4.6}{Celastraceae}{chapter.4}% 47
\BOOKMARK [1][-]{section.4.7}{Chrysobalanaceae}{chapter.4}% 48
\BOOKMARK [1][-]{section.4.8}{Combretaceae}{chapter.4}% 49
\BOOKMARK [1][-]{section.4.9}{Connaraceae}{chapter.4}% 50
\BOOKMARK [1][-]{section.4.10}{Crassulaceae}{chapter.4}% 51
\BOOKMARK [1][-]{section.4.11}{Cucurbitaceae}{chapter.4}% 52
\BOOKMARK [1][-]{section.4.12}{Dilleniaceae}{chapter.4}% 53
\BOOKMARK [1][-]{section.4.13}{Elaeocarpaceae}{chapter.4}% 54
\BOOKMARK [1][-]{section.4.14}{Euphorbiaceae}{chapter.4}% 55
\BOOKMARK [1][-]{section.4.15}{Guttiferae}{chapter.4}% 56
\BOOKMARK [1][-]{section.4.16}{Leguminosae}{chapter.4}% 57
\BOOKMARK [1][-]{section.4.17}{Lythraceae}{chapter.4}% 58
\BOOKMARK [1][-]{section.4.18}{Malpighiaceae}{chapter.4}% 59
\BOOKMARK [1][-]{section.4.19}{Malvaceae}{chapter.4}% 60
\BOOKMARK [1][-]{section.4.20}{Melastomataceae}{chapter.4}% 61
\BOOKMARK [1][-]{section.4.21}{Meliaceae}{chapter.4}% 62
\BOOKMARK [1][-]{section.4.22}{Moraceae}{chapter.4}% 63
\BOOKMARK [1][-]{section.4.23}{Myricaceae}{chapter.4}% 64
\BOOKMARK [1][-]{section.4.24}{Myrtaceae}{chapter.4}% 65
\BOOKMARK [1][-]{section.4.25}{Ochnaceae}{chapter.4}% 66
\BOOKMARK [1][-]{section.4.26}{Onagraceae}{chapter.4}% 67
\BOOKMARK [1][-]{section.4.27}{Oxalidaceae}{chapter.4}% 68
\BOOKMARK [1][-]{section.4.28}{Passifloraceae}{chapter.4}% 69
\BOOKMARK [1][-]{section.4.29}{Polygalaceae}{chapter.4}% 70
\BOOKMARK [1][-]{section.4.30}{Putranjivaceae}{chapter.4}% 71
\BOOKMARK [1][-]{section.4.31}{Rhamnaceae}{chapter.4}% 72
\BOOKMARK [1][-]{section.4.32}{Rhizophoraceae}{chapter.4}% 73
\BOOKMARK [1][-]{section.4.33}{Rosaceae}{chapter.4}% 74
\BOOKMARK [1][-]{section.4.34}{Rutaceae}{chapter.4}% 75
\BOOKMARK [1][-]{section.4.35}{Salicaceae}{chapter.4}% 76
\BOOKMARK [1][-]{section.4.36}{Sapindaceae}{chapter.4}% 77
\BOOKMARK [1][-]{section.4.37}{Simaroubaceae}{chapter.4}% 78
\BOOKMARK [1][-]{section.4.38}{Solanaceae}{chapter.4}% 79
\BOOKMARK [1][-]{section.4.39}{Staphyleaceae}{chapter.4}% 80
\BOOKMARK [1][-]{section.4.40}{Thymelaeaceae}{chapter.4}% 81
\BOOKMARK [1][-]{section.4.41}{Urticaceae}{chapter.4}% 82
\BOOKMARK [1][-]{section.4.42}{Vitaceae}{chapter.4}% 83
\BOOKMARK [1][-]{section.4.43}{Zygophyllaceae}{chapter.4}% 84
\BOOKMARK [0][-]{chapter.5}{Asteridae}{}% 85
\BOOKMARK [1][-]{section.5.1}{Apocynaceae}{chapter.5}% 86
\BOOKMARK [1][-]{section.5.2}{Aquifoliaceae}{chapter.5}% 87
\BOOKMARK [1][-]{section.5.3}{Araliaceae}{chapter.5}% 88
\BOOKMARK [1][-]{section.5.4}{Balsaminaceae}{chapter.5}% 89
\BOOKMARK [1][-]{section.5.5}{Cactaceae}{chapter.5}% 90
\BOOKMARK [1][-]{section.5.6}{Campanulaceae}{chapter.5}% 91
\BOOKMARK [1][-]{section.5.7}{Compositae}{chapter.5}% 92
\BOOKMARK [1][-]{section.5.8}{Convolvulaceae}{chapter.5}% 93
\BOOKMARK [1][-]{section.5.9}{Cyrillaceae}{chapter.5}% 94
\BOOKMARK [1][-]{section.5.10}{Ericaceae}{chapter.5}% 95
\BOOKMARK [1][-]{section.5.11}{Gentianaceae}{chapter.5}% 96
\BOOKMARK [1][-]{section.5.12}{Gesneriaceae}{chapter.5}% 97
\BOOKMARK [1][-]{section.5.13}{Hydrophyllaceae}{chapter.5}% 98
\BOOKMARK [1][-]{section.5.14}{Labiatae}{chapter.5}% 99
\BOOKMARK [1][-]{section.5.15}{Marcgraviaceae}{chapter.5}% 100
\BOOKMARK [1][-]{section.5.16}{Nyctaginaceae}{chapter.5}% 101
\BOOKMARK [1][-]{section.5.17}{Oleaceae}{chapter.5}% 102
\BOOKMARK [1][-]{section.5.18}{Pentaphylacaceae}{chapter.5}% 103
\BOOKMARK [1][-]{section.5.19}{Phytolaccaceae}{chapter.5}% 104
\BOOKMARK [1][-]{section.5.20}{Polygonaceae}{chapter.5}% 105
\BOOKMARK [1][-]{section.5.21}{Primulaceae}{chapter.5}% 106
\BOOKMARK [1][-]{section.5.22}{Rubiaceae}{chapter.5}% 107
\BOOKMARK [1][-]{section.5.23}{Santalaceae}{chapter.5}% 108
\BOOKMARK [1][-]{section.5.24}{Sapotaceae}{chapter.5}% 109
\BOOKMARK [1][-]{section.5.25}{Styracaceae}{chapter.5}% 110
\BOOKMARK [1][-]{section.5.26}{Symplocaceae}{chapter.5}% 111
\BOOKMARK [1][-]{section.5.27}{Theaceae}{chapter.5}% 112
\BOOKMARK [1][-]{section.5.28}{Umbelliferae}{chapter.5}% 113
